<?xml version="1.0" encoding="UTF-8"?>
<!-- Generated by org.testng.reporters.JUnitReportReporter -->
<testsuite hostname="LTIN216136" failures="0" tests="13" name="testCases.TC_003" time="119.922" errors="0" timestamp="2024-03-11T12:14:51 IST" skipped="0">
  <testcase classname="testCases.TC_003" name="clickCourseTitle" time="28.080"/>
  <testcase classname="testCases.TC_003" name="clickEnterpriseLink" time="29.058"/>
  <testcase classname="testCases.TC_003" name="clickWeOfferLink" time="26.233"/>
  <testcase classname="testCases.TC_003" name="clickLearnMoreButton" time="26.610"/>
  <testcase classname="testCases.TC_003" name="setFirstLastName" time="1.396"/>
  <testcase classname="testCases.TC_003" name="setEmailId" time="0.700"/>
  <testcase classname="testCases.TC_003" name="setMobileNo" time="0.437"/>
  <testcase classname="testCases.TC_003" name="setInstituteDetails" time="0.662"/>
  <testcase classname="testCases.TC_003" name="SetJobRole" time="0.500"/>
  <testcase classname="testCases.TC_003" name="setDepartmentDetails" time="1.599"/>
  <testcase classname="testCases.TC_003" name="setCountryState" time="0.849"/>
  <testcase classname="testCases.TC_003" name="clickSubmitButton" time="0.282"/>
  <testcase classname="testCases.TC_003" name="verifyEmailId" time="3.516"/>
</testsuite> <!-- testCases.TC_003 -->
