<?xml version="1.0" encoding="UTF-8"?>
<!-- Generated by org.testng.reporters.JUnitReportReporter -->
<testsuite hostname="LTIN216136" failures="0" tests="4" name="testCases.TC_002" time="13.711" errors="0" timestamp="2024-03-11T12:14:51 IST" skipped="0">
  <testcase classname="testCases.TC_002" name="enterNewCourse" time="3.226"/>
  <testcase classname="testCases.TC_002" name="clickShowMore" time="1.060"/>
  <testcase classname="testCases.TC_002" name="printTotalLangs" time="6.600"/>
  <testcase classname="testCases.TC_002" name="printTotalLevels" time="2.825"/>
</testsuite> <!-- testCases.TC_002 -->
