<?xml version="1.0" encoding="UTF-8"?>
<!-- Generated by org.testng.reporters.JUnitReportReporter -->
<testsuite hostname="LTIN200748" failures="0" tests="4" name="testCases.TC_002_LanguageLearningTest" time="9.191" errors="0" timestamp="2024-02-28T19:36:07 IST" skipped="0">
  <testcase classname="testCases.TC_002_LanguageLearningTest" name="enterNewCourse" time="2.761"/>
  <system-out/>
  <testcase classname="testCases.TC_002_LanguageLearningTest" name="clickShowMore" time="1.001"/>
  <system-out/>
  <testcase classname="testCases.TC_002_LanguageLearningTest" name="printTotalLangs" time="4.522"/>
  <system-out/>
  <testcase classname="testCases.TC_002_LanguageLearningTest" name="printTotalLevels" time="0.907"/>
  <system-out/>
</testsuite> <!-- testCases.TC_002_LanguageLearningTest -->
