<?xml version="1.0" encoding="UTF-8"?>
<!-- Generated by org.testng.reporters.JUnitReportReporter -->
<testsuite hostname="LTIN216136" failures="0" tests="7" name="testCases.TC_001" time="88.566" errors="0" timestamp="2024-03-11T12:14:51 IST" skipped="0">
  <testcase classname="testCases.TC_001" name="enterCourseName" time="25.515"/>
  <testcase classname="testCases.TC_001" name="clickLanguage" time="3.572"/>
  <testcase classname="testCases.TC_001" name="clickLevel" time="1.305"/>
  <testcase classname="testCases.TC_001" name="printCourse1" time="3.245"/>
  <testcase classname="testCases.TC_001" name="printDetails1" time="26.318"/>
  <testcase classname="testCases.TC_001" name="printCourse2" time="0.714"/>
  <testcase classname="testCases.TC_001" name="printDetails2" time="27.897"/>
</testsuite> <!-- testCases.TC_001 -->
