<?xml version="1.0" encoding="UTF-8"?>
<!-- Generated by org.testng.reporters.JUnitReportReporter -->
<testsuite hostname="LTIN200748" failures="0" tests="13" name="testCases.TC_003_ForEnterpriseTest" time="34.240" errors="0" timestamp="2024-02-28T19:36:07 IST" skipped="0">
  <testcase classname="testCases.TC_003_ForEnterpriseTest" name="clickCourseTitle" time="8.871"/>
  <system-out/>
  <testcase classname="testCases.TC_003_ForEnterpriseTest" name="clickEnterpriseLink" time="9.092"/>
  <system-out/>
  <testcase classname="testCases.TC_003_ForEnterpriseTest" name="clickWeOfferLink" time="5.866"/>
  <system-out/>
  <testcase classname="testCases.TC_003_ForEnterpriseTest" name="clickLearnMoreButton" time="4.791"/>
  <system-out/>
  <testcase classname="testCases.TC_003_ForEnterpriseTest" name="setFirstLastName" time="0.809"/>
  <system-out/>
  <testcase classname="testCases.TC_003_ForEnterpriseTest" name="setEmailId" time="0.662"/>
  <system-out/>
  <testcase classname="testCases.TC_003_ForEnterpriseTest" name="setMobileNo" time="0.226"/>
  <system-out/>
  <testcase classname="testCases.TC_003_ForEnterpriseTest" name="setInstituteDetails" time="0.561"/>
  <system-out/>
  <testcase classname="testCases.TC_003_ForEnterpriseTest" name="SetJobRole" time="0.314"/>
  <system-out/>
  <testcase classname="testCases.TC_003_ForEnterpriseTest" name="setDepartmentDetails" time="0.858"/>
  <system-out/>
  <testcase classname="testCases.TC_003_ForEnterpriseTest" name="setCountryState" time="0.498"/>
  <system-out/>
  <testcase classname="testCases.TC_003_ForEnterpriseTest" name="clickSubmitButton" time="0.106"/>
  <system-out/>
  <testcase classname="testCases.TC_003_ForEnterpriseTest" name="verifyEmailId" time="1.586"/>
  <system-out/>
</testsuite> <!-- testCases.TC_003_ForEnterpriseTest -->
