<?xml version="1.0" encoding="UTF-8"?>
<!-- Generated by org.testng.reporters.JUnitReportReporter -->
<testsuite hostname="LTIN200748" failures="0" tests="7" name="testCases.TC_001_WebDevelopmentTest" time="29.901" errors="0" timestamp="2024-02-28T19:36:07 IST" skipped="0">
  <testcase classname="testCases.TC_001_WebDevelopmentTest" name="enterCourseName" time="9.810"/>
  <system-out/>
  <testcase classname="testCases.TC_001_WebDevelopmentTest" name="clickLanguage" time="1.411"/>
  <system-out/>
  <testcase classname="testCases.TC_001_WebDevelopmentTest" name="clickLevel" time="1.381"/>
  <system-out/>
  <testcase classname="testCases.TC_001_WebDevelopmentTest" name="printCourse1" time="2.705"/>
  <system-out/>
  <testcase classname="testCases.TC_001_WebDevelopmentTest" name="printDetails1" time="6.982"/>
  <system-out/>
  <testcase classname="testCases.TC_001_WebDevelopmentTest" name="printCourse2" time="0.454"/>
  <system-out/>
  <testcase classname="testCases.TC_001_WebDevelopmentTest" name="printDetails2" time="7.158"/>
  <system-out/>
</testsuite> <!-- testCases.TC_001_WebDevelopmentTest -->
